2019-06-08T11:24:02+01:00 INFO (6): File Name -> HSB 1  INS APR 2016
2019-06-08T11:24:02+01:00 INFO (6): Transaction Table Status 'OPEN'.
2019-06-08T11:24:02+01:00 INFO (6): Xls data uploading started.
2019-06-08T11:24:03+01:00 ERR (3): [ ROW - 2 ] [COLUMN - MEMO_NO] Duplicate memo no entry for 'HSB1-17-1'
2019-06-08T11:24:03+01:00 ERR (3): [ ROW - 3 ] [COLUMN - MEMO_NO] Duplicate memo no entry for 'HSB1-17-2'
2019-06-08T11:24:03+01:00 ERR (3): [ ROW - 4 ] [COLUMN - MEMO_NO] Duplicate memo no entry for 'HSB1-17-3'
2019-06-08T11:24:03+01:00 ERR (3): [ ROW - 5 ] [COLUMN - MEMO_NO] Duplicate memo no entry for 'HSB1-17-4'
2019-06-08T11:24:03+01:00 ERR (3): [ ROW - 6 ] [COLUMN - MEMO_NO] Duplicate memo no entry for 'HSB1-17-5'
2019-06-08T11:24:03+01:00 ERR (3): [ ROW - 7 ] [COLUMN - MEMO_NO] Duplicate memo no entry for 'HSB1-17-6'
2019-06-08T11:24:03+01:00 ERR (3): [ ROW - 8 ] [COLUMN - MEMO_NO] Duplicate memo no entry for 'HSB1-17-7'
2019-06-08T11:24:03+01:00 ERR (3): [ ROW - 9 ] [COLUMN - MEMO_NO] Duplicate memo no entry for 'HSB1-17-8'
2019-06-08T11:24:03+01:00 ERR (3): [ ROW - 10 ] [COLUMN - MEMO_NO] Duplicate memo no entry for 'HSB1-17-9'
2019-06-08T11:24:03+01:00 ERR (3): [ ROW - 11 ] [COLUMN - MEMO_NO] Duplicate memo no entry for 'HSB1-17-10'
2019-06-08T11:24:03+01:00 ERR (3): [ ROW - 12 ] [COLUMN - MEMO_NO] Duplicate memo no entry for 'HSB1-17-11'
2019-06-08T11:24:03+01:00 ERR (3): [ ROW - 13 ] [COLUMN - MEMO_NO] Duplicate memo no entry for 'HSB1-17-12'
2019-06-08T11:24:03+01:00 ERR (3): [ ROW - 14 ] [COLUMN - MEMO_NO] Duplicate memo no entry for 'HSB1-17-13'
2019-06-08T11:24:03+01:00 ERR (3): [ ROW - 15 ] [COLUMN - MEMO_NO] Duplicate memo no entry for 'HSB1-17-14'
2019-06-08T11:24:03+01:00 ERR (3): [ ROW - 16 ] [COLUMN - MEMO_NO] Duplicate memo no entry for 'HSB1-17-15'
2019-06-08T11:24:03+01:00 ERR (3): [ ROW - 17 ] [COLUMN - MEMO_NO] Duplicate memo no entry for 'HSB1-17-16'
2019-06-08T11:24:03+01:00 ERR (3): [ ROW - 18 ] [COLUMN - MEMO_NO] Duplicate memo no entry for 'HSB1-17-17'
2019-06-08T11:24:03+01:00 ERR (3): [ ROW - 19 ] [COLUMN - MEMO_NO] Duplicate memo no entry for 'HSB1-17-18'
2019-06-08T11:24:03+01:00 ERR (3): [ ROW - 20 ] [COLUMN - MEMO_NO] Duplicate memo no entry for 'HSB1-17-19'
2019-06-08T11:24:03+01:00 ERR (3): [ ROW - 21 ] [COLUMN - MEMO_NO] Duplicate memo no entry for 'HSB1-17-20'
2019-06-08T11:24:03+01:00 ERR (3): [ ROW - 22 ] [COLUMN - MEMO_NO] Duplicate memo no entry for 'HSB1-17-21'
2019-06-08T11:24:03+01:00 ERR (3): [ ROW - 23 ] [COLUMN - MEMO_NO] Duplicate memo no entry for 'HSB1-17-22'
2019-06-08T11:24:03+01:00 ERR (3): [ ROW - 24 ] [COLUMN - MEMO_NO] Duplicate memo no entry for 'HSB1-17-23'
2019-06-08T11:24:03+01:00 ERR (3): [ ROW - 25 ] [COLUMN - MEMO_NO] Duplicate memo no entry for 'HSB1-17-24'
2019-06-08T11:24:03+01:00 ERR (3): [ ROW - 26 ] [COLUMN - MEMO_NO] Duplicate memo no entry for 'HSB1-17-25'
2019-06-08T11:24:03+01:00 ERR (3): [ ROW - 27 ] [COLUMN - MEMO_NO] Duplicate memo no entry for 'HSB1-17-26'
2019-06-08T11:24:03+01:00 ERR (3): [ ROW - 28 ] [COLUMN - MEMO_NO] Duplicate memo no entry for 'HSB1-17-27'
2019-06-08T11:24:03+01:00 ERR (3): [ ROW - 29 ] [COLUMN - MEMO_NO] Duplicate memo no entry for 'HSB1-17-28'
2019-06-08T11:24:04+01:00 ERR (3): [ ROW - 30 ] [COLUMN - MEMO_NO] Duplicate memo no entry for 'HSB1-17-29'
2019-06-08T11:24:04+01:00 ERR (3): [ ROW - 31 ] [COLUMN - MEMO_NO] Duplicate memo no entry for 'HSB1-17-30'
2019-06-08T11:24:04+01:00 ERR (3): [ ROW - 32 ] [COLUMN - MEMO_NO] Duplicate memo no entry for 'HSB1-17-31'
2019-06-08T11:24:04+01:00 ERR (3): [ ROW - 33 ] [COLUMN - MEMO_NO] Duplicate memo no entry for 'HSB1-17-32'
2019-06-08T11:24:04+01:00 ERR (3): [ ROW - 34 ] [COLUMN - MEMO_NO] Duplicate memo no entry for 'HSB1-17-33'
2019-06-08T11:24:04+01:00 ERR (3): [ ROW - 35 ] [COLUMN - MEMO_NO] Duplicate memo no entry for 'HSB1-17-34'
2019-06-08T11:24:04+01:00 ERR (3): [ ROW - 36 ] [COLUMN - MEMO_NO] Duplicate memo no entry for 'HSB1-17-35'
2019-06-08T11:24:04+01:00 ERR (3): [ ROW - 37 ] [COLUMN - MEMO_NO] Duplicate memo no entry for 'HSB1-17-36'
2019-06-08T11:24:04+01:00 ERR (3): [ ROW - 38 ] [COLUMN - MEMO_NO] Duplicate memo no entry for 'HSB1-17-37'
2019-06-08T11:24:04+01:00 ERR (3): [ ROW - 39 ] [COLUMN - MEMO_NO] Duplicate memo no entry for 'HSB1-17-38'
2019-06-08T11:24:04+01:00 ERR (3): [ ROW - 40 ] [COLUMN - MEMO_NO] Duplicate memo no entry for 'HSB1-17-39'
2019-06-08T11:24:04+01:00 ERR (3): [ ROW - 41 ] [COLUMN - MEMO_NO] Duplicate memo no entry for 'HSB1-17-40'
2019-06-08T11:24:04+01:00 ERR (3): [ ROW - 42 ] [COLUMN - MEMO_NO] Duplicate memo no entry for 'HSB1-17-41'
2019-06-08T11:24:04+01:00 ERR (3): [ ROW - 43 ] [COLUMN - MEMO_NO] Duplicate memo no entry for 'HSB1-17-42'
2019-06-08T11:24:04+01:00 ERR (3): [ ROW - 44 ] [COLUMN - MEMO_NO] Duplicate memo no entry for 'HSB1-17-43'
2019-06-08T11:24:04+01:00 ERR (3): [ ROW - 45 ] [COLUMN - MEMO_NO] Duplicate memo no entry for 'HSB1-17-44'
2019-06-08T11:24:04+01:00 ERR (3): [ ROW - 46 ] [COLUMN - MEMO_NO] Duplicate memo no entry for 'HSB1-17-45'
2019-06-08T11:24:04+01:00 ERR (3): [ ROW - 47 ] [COLUMN - MEMO_NO] Duplicate memo no entry for 'HSB1-17-46'
2019-06-08T11:24:04+01:00 ERR (3): [ ROW - 48 ] [COLUMN - MEMO_NO] Duplicate memo no entry for 'HSB1-17-47'
2019-06-08T11:24:04+01:00 ERR (3): [ ROW - 49 ] [COLUMN - MEMO_NO] Duplicate memo no entry for 'HSB1-17-48'
2019-06-08T11:24:04+01:00 ERR (3): [ ROW - 50 ] [COLUMN - MEMO_NO] Duplicate memo no entry for 'HSB1-17-49'
2019-06-08T11:24:04+01:00 ERR (3): [ ROW - 51 ] [COLUMN - MEMO_NO] Duplicate memo no entry for 'HSB1-17-50'
2019-06-08T11:24:04+01:00 ERR (3): [ ROW - 52 ] [COLUMN - MEMO_NO] Duplicate memo no entry for 'HSB1-17-51'
2019-06-08T11:24:04+01:00 ERR (3): [ ROW - 53 ] [COLUMN - MEMO_NO] Duplicate memo no entry for 'HSB1-17-52'
2019-06-08T11:24:04+01:00 ERR (3): [ ROW - 54 ] [COLUMN - MEMO_NO] Duplicate memo no entry for 'HSB1-17-53'
2019-06-08T11:24:04+01:00 ERR (3): [ ROW - 55 ] [COLUMN - MEMO_NO] Duplicate memo no entry for 'HSB1-17-54'
2019-06-08T11:24:04+01:00 ERR (3): [ ROW - 56 ] [COLUMN - MEMO_NO] Duplicate memo no entry for 'HSB1-17-55'
2019-06-08T11:24:04+01:00 ERR (3): [ ROW - 57 ] [COLUMN - MEMO_NO] Duplicate memo no entry for 'HSB1-17-56'
2019-06-08T11:24:04+01:00 ERR (3): [ ROW - 58 ] [COLUMN - MEMO_NO] Duplicate memo no entry for 'HSB1-17-57'
2019-06-08T11:24:05+01:00 ERR (3): [ ROW - 59 ] [COLUMN - MEMO_NO] Duplicate memo no entry for 'HSB1-17-58'
2019-06-08T11:24:05+01:00 ERR (3): [ ROW - 60 ] [COLUMN - MEMO_NO] Duplicate memo no entry for 'HSB1-17-59'
2019-06-08T11:24:05+01:00 ERR (3): [ ROW - 61 ] [COLUMN - MEMO_NO] Duplicate memo no entry for 'HSB1-17-60'
2019-06-08T11:24:05+01:00 ERR (3): [ ROW - 62 ] [COLUMN - MEMO_NO] Duplicate memo no entry for 'HSB1-17-61'
2019-06-08T11:24:05+01:00 ERR (3): [ ROW - 63 ] [COLUMN - MEMO_NO] Duplicate memo no entry for 'HSB1-17-62'
2019-06-08T11:24:05+01:00 ERR (3): [ ROW - 64 ] [COLUMN - MEMO_NO] Duplicate memo no entry for 'HSB1-17-63'
2019-06-08T11:24:05+01:00 ERR (3): [ ROW - 65 ] [COLUMN - MEMO_NO] Duplicate memo no entry for 'HSB1-17-64'
2019-06-08T11:24:05+01:00 ERR (3): [ ROW - 66 ] [COLUMN - MEMO_NO] Duplicate memo no entry for 'HSB1-17-65'
2019-06-08T11:24:05+01:00 ERR (3): [ ROW - 67 ] [COLUMN - MEMO_NO] Duplicate memo no entry for 'HSB1-17-66'
2019-06-08T11:24:05+01:00 ERR (3): [ ROW - 68 ] [COLUMN - MEMO_NO] Duplicate memo no entry for 'HSB1-17-67'
2019-06-08T11:24:05+01:00 ERR (3): [ ROW - 69 ] [COLUMN - MEMO_NO] Duplicate memo no entry for 'HSB1-17-68'
2019-06-08T11:24:05+01:00 ERR (3): [ ROW - 70 ] [COLUMN - MEMO_NO] Duplicate memo no entry for 'HSB1-17-69'
2019-06-08T11:24:05+01:00 ERR (3): [ ROW - 71 ] [COLUMN - MEMO_NO] Duplicate memo no entry for 'HSB1-17-70'
2019-06-08T11:24:05+01:00 ERR (3): [ ROW - 72 ] [COLUMN - MEMO_NO] Duplicate memo no entry for 'HSB1-17-71'
2019-06-08T11:24:05+01:00 ERR (3): [ ROW - 73 ] [COLUMN - MEMO_NO] Duplicate memo no entry for 'HSB1-17-72'
2019-06-08T11:24:05+01:00 ERR (3): [ ROW - 74 ] [COLUMN - MEMO_NO] Duplicate memo no entry for 'HSB1-17-73'
2019-06-08T11:24:05+01:00 ERR (3): [ ROW - 75 ] [COLUMN - MEMO_NO] Duplicate memo no entry for 'HSB1-17-74'
2019-06-08T11:24:05+01:00 ERR (3): [ ROW - 76 ] [COLUMN - MEMO_NO] Duplicate memo no entry for 'HSB1-17-75'
2019-06-08T11:24:05+01:00 ERR (3): [ ROW - 77 ] [COLUMN - MEMO_NO] Duplicate memo no entry for 'HSB1-17-76'
2019-06-08T11:24:05+01:00 ERR (3): [ ROW - 78 ] [COLUMN - MEMO_NO] Duplicate memo no entry for 'HSB1-17-77'
2019-06-08T11:24:05+01:00 ERR (3): [ ROW - 79 ] [COLUMN - MEMO_NO] Duplicate memo no entry for 'HSB1-17-78'
2019-06-08T11:24:05+01:00 ERR (3): [ ROW - 80 ] [COLUMN - MEMO_NO] Duplicate memo no entry for 'HSB1-17-79'
2019-06-08T11:24:05+01:00 ERR (3): [ ROW - 81 ] [COLUMN - MEMO_NO] Duplicate memo no entry for 'HSB1-17-80'
2019-06-08T11:24:05+01:00 ERR (3): [ ROW - 82 ] [COLUMN - MEMO_NO] Duplicate memo no entry for 'HSB1-17-81'
2019-06-08T11:24:05+01:00 ERR (3): [ ROW - 83 ] [COLUMN - MEMO_NO] Duplicate memo no entry for 'HSB1-17-82'
2019-06-08T11:24:05+01:00 ERR (3): [ ROW - 84 ] [COLUMN - MEMO_NO] Duplicate memo no entry for 'HSB1-17-83'
2019-06-08T11:24:05+01:00 ERR (3): [ ROW - 85 ] [COLUMN - MEMO_NO] Duplicate memo no entry for 'HSB1-17-84'
2019-06-08T11:24:05+01:00 ERR (3): [ ROW - 86 ] [COLUMN - MEMO_NO] Duplicate memo no entry for 'HSB1-17-85'
2019-06-08T11:24:05+01:00 ERR (3): [ ROW - 87 ] [COLUMN - MEMO_NO] Duplicate memo no entry for 'HSB1-17-86'
2019-06-08T11:24:05+01:00 ERR (3): [ ROW - 88 ] [COLUMN - MEMO_NO] Duplicate memo no entry for 'HSB1-17-87'
2019-06-08T11:24:06+01:00 ERR (3): [ ROW - 89 ] [COLUMN - MEMO_NO] Duplicate memo no entry for 'HSB1-17-88'
2019-06-08T11:24:06+01:00 ERR (3): [ ROW - 90 ] [COLUMN - MEMO_NO] Duplicate memo no entry for 'HSB1-17-89'
2019-06-08T11:24:06+01:00 ERR (3): [ ROW - 91 ] [COLUMN - MEMO_NO] Duplicate memo no entry for 'HSB1-17-90'
2019-06-08T11:24:06+01:00 ERR (3): [ ROW - 92 ] [COLUMN - MEMO_NO] Duplicate memo no entry for 'HSB1-17-91'
2019-06-08T11:24:06+01:00 ERR (3): [ ROW - 93 ] [COLUMN - MEMO_NO] Duplicate memo no entry for 'HSB1-17-92'
2019-06-08T11:24:06+01:00 ERR (3): [ ROW - 94 ] [COLUMN - MEMO_NO] Duplicate memo no entry for 'HSB1-17-93'
2019-06-08T11:24:06+01:00 ERR (3): [ ROW - 95 ] [COLUMN - MEMO_NO] Duplicate memo no entry for 'HSB1-17-94'
2019-06-08T11:24:06+01:00 ERR (3): [ ROW - 96 ] [COLUMN - MEMO_NO] Duplicate memo no entry for 'HSB1-17-95'
2019-06-08T11:24:06+01:00 ERR (3): [ ROW - 97 ] [COLUMN - MEMO_NO] Duplicate memo no entry for 'HSB1-17-96'
2019-06-08T11:24:06+01:00 ERR (3): [ ROW - 98 ] [COLUMN - MEMO_NO] Duplicate memo no entry for 'HSB1-17-97'
2019-06-08T11:24:06+01:00 ERR (3): [ ROW - 99 ] [COLUMN - MEMO_NO] Duplicate memo no entry for 'HSB1-17-98'
2019-06-08T11:24:06+01:00 ERR (3): [ ROW - 100 ] [COLUMN - MEMO_NO] Duplicate memo no entry for 'HSB1-17-99'
2019-06-08T11:24:06+01:00 ERR (3): [ ROW - 101 ] [COLUMN - MEMO_NO] Duplicate memo no entry for 'HSB1-17-100'
2019-06-08T11:24:06+01:00 ERR (3): [ ROW - 102 ] [COLUMN - MEMO_NO] Duplicate memo no entry for 'HSB1-17-101'
2019-06-08T11:24:06+01:00 ERR (3): [ ROW - 103 ] [COLUMN - MEMO_NO] Duplicate memo no entry for 'HSB1-17-102'
2019-06-08T11:24:06+01:00 ERR (3): [ ROW - 104 ] [COLUMN - MEMO_NO] Duplicate memo no entry for 'HSB1-17-103'
2019-06-08T11:24:06+01:00 ERR (3): [ ROW - 105 ] [COLUMN - MEMO_NO] Duplicate memo no entry for 'HSB1-17-104'
2019-06-08T11:24:06+01:00 ERR (3): [ ROW - 106 ] [COLUMN - MEMO_NO] Duplicate memo no entry for 'HSB1-17-105'
2019-06-08T11:24:06+01:00 ERR (3): [ ROW - 107 ] [COLUMN - MEMO_NO] Duplicate memo no entry for 'HSB1-17-106'
2019-06-08T11:24:06+01:00 ERR (3): [ ROW - 108 ] [COLUMN - MEMO_NO] Duplicate memo no entry for 'HSB1-17-107'
2019-06-08T11:24:06+01:00 ERR (3): [ ROW - 109 ] [COLUMN - MEMO_NO] Duplicate memo no entry for 'HSB1-17-108'
2019-06-08T11:24:06+01:00 ERR (3): [ ROW - 110 ] [COLUMN - MEMO_NO] Duplicate memo no entry for 'HSB1-17-109'
2019-06-08T11:24:06+01:00 ERR (3): [ ROW - 111 ] [COLUMN - MEMO_NO] Duplicate memo no entry for 'HSB1-17-110'
2019-06-08T11:24:06+01:00 ERR (3): [ ROW - 112 ] [COLUMN - MEMO_NO] Duplicate memo no entry for 'HSB1-17-111'
2019-06-08T11:24:06+01:00 ERR (3): [ ROW - 113 ] [COLUMN - MEMO_NO] Duplicate memo no entry for 'HSB1-17-112'
2019-06-08T11:24:06+01:00 ERR (3): [ ROW - 114 ] [COLUMN - MEMO_NO] Duplicate memo no entry for 'HSB1-17-113'
2019-06-08T11:24:06+01:00 ERR (3): [ ROW - 115 ] [COLUMN - MEMO_NO] Duplicate memo no entry for 'HSB1-17-114'
2019-06-08T11:24:06+01:00 ERR (3): [ ROW - 116 ] [COLUMN - MEMO_NO] Duplicate memo no entry for 'HSB1-17-115'
2019-06-08T11:24:07+01:00 ERR (3): [ ROW - 117 ] [COLUMN - MEMO_NO] Duplicate memo no entry for 'HSB1-17-116'
2019-06-08T11:24:07+01:00 ERR (3): [ ROW - 118 ] [COLUMN - MEMO_NO] Duplicate memo no entry for 'HSB1-17-117'
2019-06-08T11:24:07+01:00 ERR (3): [ ROW - 119 ] [COLUMN - MEMO_NO] Duplicate memo no entry for 'HSB1-17-118'
2019-06-08T11:24:07+01:00 ERR (3): [ ROW - 120 ] [COLUMN - MEMO_NO] Duplicate memo no entry for 'HSB1-17-119'
2019-06-08T11:24:07+01:00 ERR (3): [ ROW - 121 ] [COLUMN - MEMO_NO] Duplicate memo no entry for 'HSB1-17-120'
2019-06-08T11:24:07+01:00 ERR (3): [ ROW - 122 ] [COLUMN - MEMO_NO] Duplicate memo no entry for 'HSB1-17-121'
2019-06-08T11:24:07+01:00 ERR (3): [ ROW - 123 ] [COLUMN - MEMO_NO] Duplicate memo no entry for 'HSB1-17-122'
2019-06-08T11:24:07+01:00 ERR (3): [ ROW - 124 ] [COLUMN - MEMO_NO] Duplicate memo no entry for 'HSB1-17-123'
2019-06-08T11:24:07+01:00 ERR (3): [ ROW - 125 ] [COLUMN - MEMO_NO] Duplicate memo no entry for 'HSB1-17-124'
2019-06-08T11:24:07+01:00 ERR (3): [ ROW - 126 ] [COLUMN - MEMO_NO] Duplicate memo no entry for 'HSB1-17-125'
2019-06-08T11:24:07+01:00 ERR (3): [ ROW - 127 ] [COLUMN - MEMO_NO] Duplicate memo no entry for 'HSB1-17-126'
2019-06-08T11:24:07+01:00 ERR (3): [ ROW - 128 ] [COLUMN - MEMO_NO] Duplicate memo no entry for 'HSB1-17-127'
2019-06-08T11:24:07+01:00 ERR (3): [ ROW - 129 ] [COLUMN - MEMO_NO] Duplicate memo no entry for 'HSB1-17-128'
2019-06-08T11:24:07+01:00 ERR (3): [ ROW - 130 ] [COLUMN - MEMO_NO] Duplicate memo no entry for 'HSB1-17-129'
2019-06-08T11:24:07+01:00 ERR (3): [ ROW - 131 ] [COLUMN - MEMO_NO] Duplicate memo no entry for 'HSB1-17-130'
2019-06-08T11:24:07+01:00 ERR (3): [ ROW - 132 ] [COLUMN - MEMO_NO] Duplicate memo no entry for 'HSB1-17-131'
2019-06-08T11:24:07+01:00 ERR (3): [ ROW - 133 ] [COLUMN - MEMO_NO] Duplicate memo no entry for 'HSB1-17-132'
2019-06-08T11:24:07+01:00 ERR (3): [ ROW - 134 ] [COLUMN - MEMO_NO] Duplicate memo no entry for 'HSB1-17-133'
2019-06-08T11:24:07+01:00 ERR (3): [ ROW - 135 ] [COLUMN - MEMO_NO] Duplicate memo no entry for 'HSB1-17-134'
2019-06-08T11:24:07+01:00 ERR (3): [ ROW - 136 ] [COLUMN - MEMO_NO] Duplicate memo no entry for 'HSB1-17-135'
2019-06-08T11:24:20+01:00 INFO (6):  138 Rows are successfully checked.
2019-06-08T11:24:20+01:00 INFO (6):  3 Rows imported successfully.
2019-06-08T11:24:20+01:00 INFO (6):  135 Rows unable to import.
2019-06-08T11:24:20+01:00 INFO (6): Total Consumed time for uploading process is : 18.03 Second(s)
